# JRE version: OpenJDK Runtime Environment (8.0_212) (build 1.8.0_212-release-1586-b4-5784211)
# Java VM: OpenJDK 64-Bit Server VM (25.212-b4-5784211 mixed mode linux-amd64 compressed oops)
Heap:
 PSYoungGen      total 471552K, used 0K [0x00000000e0000000, 0x0000000100000000, 0x0000000100000000)
  eden space 419840K, 0% used [0x00000000e0000000,0x00000000e0000000,0x00000000f9a00000)
  from space 51712K, 0% used [0x00000000f9a00000,0x00000000f9a00000,0x00000000fcc80000)
  to   space 52736K, 0% used [0x00000000fcc80000,0x00000000fcc80000,0x0000000100000000)
 ParOldGen       total 481792K, used 255239K [0x00000000a0000000, 0x00000000bd680000, 0x00000000e0000000)
  object space 481792K, 52% used [0x00000000a0000000,0x00000000af941e88,0x00000000bd680000)
 Metaspace       used 137239K, capacity 146272K, committed 147288K, reserved 1177600K
  class space    used 17011K, capacity 18828K, committed 19072K, reserved 1048576K
GC Heap History (10 events):
Event: 1296,388 GC heap after
Heap after GC invocations=63 (full 4):
 PSYoungGen      total 456192K, used 5920K [0x00000000e0000000, 0x00000000fff00000, 0x0000000100000000)
  eden space 397312K, 0% used [0x00000000e0000000,0x00000000e0000000,0x00000000f8400000)
  from space 58880K, 10% used [0x00000000f8400000,0x00000000f89c8000,0x00000000fbd80000)
  to   space 56320K, 0% used [0x00000000fc800000,0x00000000fc800000,0x00000000fff00000)
 ParOldGen       total 443392K, used 411288K [0x00000000a0000000, 0x00000000bb100000, 0x00000000e0000000)
  object space 443392K, 92% used [0x00000000a0000000,0x00000000b91a62c8,0x00000000bb100000)
 Metaspace       used 127661K, capacity 136096K, committed 136280K, reserved 1167360K
  class space    used 16015K, capacity 17670K, committed 17792K, reserved 1048576K
}
Event: 1296,921 GC heap before
{Heap before GC invocations=64 (full 4):
 PSYoungGen      total 456192K, used 403232K [0x00000000e0000000, 0x00000000fff00000, 0x0000000100000000)
  eden space 397312K, 100% used [0x00000000e0000000,0x00000000f8400000,0x00000000f8400000)
  from space 58880K, 10% used [0x00000000f8400000,0x00000000f89c8000,0x00000000fbd80000)
  to   space 56320K, 0% used [0x00000000fc800000,0x00000000fc800000,0x00000000fff00000)
 ParOldGen       total 443392K, used 411288K [0x00000000a0000000, 0x00000000bb100000, 0x00000000e0000000)
  object space 443392K, 92% used [0x00000000a0000000,0x00000000b91a62c8,0x00000000bb100000)
 Metaspace       used 127670K, capacity 136096K, committed 136280K, reserved 1167360K
  class space    used 16016K, capacity 17670K, committed 17792K, reserved 1048576K
Event: 1296,954 GC heap after
Heap after GC invocations=64 (full 4):
 PSYoungGen      total 457728K, used 6372K [0x00000000e0000000, 0x00000000ff780000, 0x0000000100000000)
  eden space 409088K, 0% used [0x00000000e0000000,0x00000000e0000000,0x00000000f8f80000)
  from space 48640K, 13% used [0x00000000fc800000,0x00000000fce39140,0x00000000ff780000)
  to   space 53248K, 0% used [0x00000000f8f80000,0x00000000f8f80000,0x00000000fc380000)
 ParOldGen       total 443392K, used 415272K [0x00000000a0000000, 0x00000000bb100000, 0x00000000e0000000)
  object space 443392K, 93% used [0x00000000a0000000,0x00000000b958a1b0,0x00000000bb100000)
 Metaspace       used 127670K, capacity 136096K, committed 136280K, reserved 1167360K
  class space    used 16016K, capacity 17670K, committed 17792K, reserved 1048576K
}
Event: 1297,628 GC heap before
{Heap before GC invocations=65 (full 4):
 PSYoungGen      total 457728K, used 415460K [0x00000000e0000000, 0x00000000ff780000, 0x0000000100000000)
  eden space 409088K, 100% used [0x00000000e0000000,0x00000000f8f80000,0x00000000f8f80000)
  from space 48640K, 13% used [0x00000000fc800000,0x00000000fce39140,0x00000000ff780000)
  to   space 53248K, 0% used [0x00000000f8f80000,0x00000000f8f80000,0x00000000fc380000)
 ParOldGen       total 443392K, used 415272K [0x00000000a0000000, 0x00000000bb100000, 0x00000000e0000000)
  object space 443392K, 93% used [0x00000000a0000000,0x00000000b958a1b0,0x00000000bb100000)
 Metaspace       used 127743K, capacity 136172K, committed 136536K, reserved 1167360K
  class space    used 16025K, capacity 17672K, committed 17792K, reserved 1048576K
Event: 1297,647 GC heap after
Heap after GC invocations=65 (full 4):
 PSYoungGen      total 462336K, used 3979K [0x00000000e0000000, 0x0000000100000000, 0x0000000100000000)
  eden space 409088K, 0% used [0x00000000e0000000,0x00000000e0000000,0x00000000f8f80000)
  from space 53248K, 7% used [0x00000000f8f80000,0x00000000f9362fd0,0x00000000fc380000)
  to   space 51200K, 0% used [0x00000000fce00000,0x00000000fce00000,0x0000000100000000)
 ParOldGen       total 443392K, used 418802K [0x00000000a0000000, 0x00000000bb100000, 0x00000000e0000000)
  object space 443392K, 94% used [0x00000000a0000000,0x00000000b98fcb58,0x00000000bb100000)
 Metaspace       used 127743K, capacity 136172K, committed 136536K, reserved 1167360K
  class space    used 16025K, capacity 17672K, committed 17792K, reserved 1048576K
}
Event: 1299,591 GC heap before
{Heap before GC invocations=66 (full 4):
 PSYoungGen      total 462336K, used 413067K [0x00000000e0000000, 0x0000000100000000, 0x0000000100000000)
  eden space 409088K, 100% used [0x00000000e0000000,0x00000000f8f80000,0x00000000f8f80000)
  from space 53248K, 7% used [0x00000000f8f80000,0x00000000f9362fd0,0x00000000fc380000)
  to   space 51200K, 0% used [0x00000000fce00000,0x00000000fce00000,0x0000000100000000)
 ParOldGen       total 443392K, used 418802K [0x00000000a0000000, 0x00000000bb100000, 0x00000000e0000000)
  object space 443392K, 94% used [0x00000000a0000000,0x00000000b98fcb58,0x00000000bb100000)
 Metaspace       used 134683K, capacity 143628K, committed 143832K, reserved 1175552K
  class space    used 16784K, capacity 18590K, committed 18688K, reserved 1048576K
Event: 1299,671 GC heap after
Heap after GC invocations=66 (full 4):
 PSYoungGen      total 470016K, used 24998K [0x00000000e0000000, 0x00000000fff00000, 0x0000000100000000)
  eden space 419840K, 0% used [0x00000000e0000000,0x00000000e0000000,0x00000000f9a00000)
  from space 50176K, 49% used [0x00000000fce00000,0x00000000fe669b90,0x00000000fff00000)
  to   space 51712K, 0% used [0x00000000f9a00000,0x00000000f9a00000,0x00000000fcc80000)
 ParOldGen       total 443392K, used 421258K [0x00000000a0000000, 0x00000000bb100000, 0x00000000e0000000)
  object space 443392K, 95% used [0x00000000a0000000,0x00000000b9b62a60,0x00000000bb100000)
 Metaspace       used 134683K, capacity 143628K, committed 143832K, reserved 1175552K
  class space    used 16784K, capacity 18590K, committed 18688K, reserved 1048576K
}
Event: 1304,424 GC heap before
{Heap before GC invocations=67 (full 4):
 PSYoungGen      total 470016K, used 444838K [0x00000000e0000000, 0x00000000fff00000, 0x0000000100000000)
  eden space 419840K, 100% used [0x00000000e0000000,0x00000000f9a00000,0x00000000f9a00000)
  from space 50176K, 49% used [0x00000000fce00000,0x00000000fe669b90,0x00000000fff00000)
  to   space 51712K, 0% used [0x00000000f9a00000,0x00000000f9a00000,0x00000000fcc80000)
 ParOldGen       total 443392K, used 421258K [0x00000000a0000000, 0x00000000bb100000, 0x00000000e0000000)
  object space 443392K, 95% used [0x00000000a0000000,0x00000000b9b62a60,0x00000000bb100000)
 Metaspace       used 137558K, capacity 146942K, committed 147288K, reserved 1177600K
  class space    used 17095K, capacity 18977K, committed 19072K, reserved 1048576K
Event: 1305,208 GC heap after
Heap after GC invocations=67 (full 4):
 PSYoungGen      total 471552K, used 51695K [0x00000000e0000000, 0x0000000100000000, 0x0000000100000000)
  eden space 419840K, 0% used [0x00000000e0000000,0x00000000e0000000,0x00000000f9a00000)
  from space 51712K, 99% used [0x00000000f9a00000,0x00000000fcc7be80,0x00000000fcc80000)
  to   space 52736K, 0% used [0x00000000fcc80000,0x00000000fcc80000,0x0000000100000000)
 ParOldGen       total 481792K, used 481448K [0x00000000a0000000, 0x00000000bd680000, 0x00000000e0000000)
  object space 481792K, 99% used [0x00000000a0000000,0x00000000bd62a2d8,0x00000000bd680000)
 Metaspace       used 137558K, capacity 146942K, committed 147288K, reserved 1177600K
  class space    used 17095K, capacity 18977K, committed 19072K, reserved 1048576K
}
Event: 1305,235 GC heap before
{Heap before GC invocations=68 (full 5):
 PSYoungGen      total 471552K, used 51695K [0x00000000e0000000, 0x0000000100000000, 0x0000000100000000)
  eden space 419840K, 0% used [0x00000000e0000000,0x00000000e0000000,0x00000000f9a00000)
  from space 51712K, 99% used [0x00000000f9a00000,0x00000000fcc7be80,0x00000000fcc80000)
  to   space 52736K, 0% used [0x00000000fcc80000,0x00000000fcc80000,0x0000000100000000)
 ParOldGen       total 481792K, used 481448K [0x00000000a0000000, 0x00000000bd680000, 0x00000000e0000000)
  object space 481792K, 99% used [0x00000000a0000000,0x00000000bd62a2d8,0x00000000bd680000)
 Metaspace       used 137558K, capacity 146942K, committed 147288K, reserved 1177600K
  class space    used 17095K, capacity 18977K, committed 19072K, reserved 1048576K

